Welcome to                                         
    _   __               __   _  __                
   / | / /____ _ __  __ / /_ (_)/ /__  __ _____    
  /  |/ // __ `// / / // __// // // / / // ___/    
 / /|  // /_/ // /_/ // /_ / // // /_/ /(__  )     
/_/ |_/ \__,_/ \__,_/ \__//_//_/ \__,_//____/  
+===============================================+  
 Kyle C. Hale (c) 2014 | Northwestern University   
+===============================================+  

Detected AuthenticAMD Processor
BOOTMEM: Setting up boot memory allocator
BOOTMEM: Memory map[0] - [0x00000000 - 0x0009f000] <usable RAM>
BOOTMEM: Memory map[1] - [0x000a0000 - 0x000a0000] <reserved>
BOOTMEM: Memory map[2] - [0x000f0000 - 0x00100000] <reserved>
BOOTMEM: Memory map[3] - [0x00100000 - 0x7fffe000] <usable RAM>
BOOTMEM: Memory map[4] - [0x7fffe000 - 0x80000000] <reserved>
BOOTMEM: Memory map[5] - [0xfffc0000 - 0x100000000] <reserved>
BOOTMEM: Detected 2147.81216 MB of usable System RAM
SMP: Verifying MP Floating Ptr Struct integrity...OK
SMP: Parsing MP Table (entry count=19)
SMP: Verifying MP Table integrity...OK
SMP: Detected 1 CPUs
ACPI: Parsing ACPI root table (at 0x000f0990)
ACPI: RSDP 00000000000f0990 00014 (v00 BOCHS )
ACPI: RSDT 000000007ffffbc1 00034 (v01 BOCHS  BXPCRSDT 00000001 BXPC 00000001)
ACPI: root table checksum pass
ACPI: FACP 000000007ffff1c0 00074 (v01 BOCHS  BXPCFACP 00000001 BXPC 00000001)
ACPI: SSDT 000000007ffff234 008DD (v01 BOCHS  BXPCSSDT 00000001 BXPC 00000001)
ACPI: APIC 000000007ffffb11 00078 (v01 BOCHS  BXPCAPIC 00000001 BXPC 00000001)
ACPI: HPET 000000007ffffb89 00038 (v01 BOCHS  BXPCHPET 00000001 BXPC 00000001)
ACPI: Done parsing ACPI root table
NUMA: Parsing ACPI NUMA information...
NUMA: DONE.
Remapping phys mem [0x00000000 - 0x100000000] with 2MB pages
KMEM: CPU 0 region affinity list:
KMEM:     [Domain=0, 0x00000000-0x0009f000]
KMEM:     [Domain=0, 0x00100000-0x7fffe000]
BOOTMEM: Adding boot memory regions to the kernel memory pool:
BOOTMEM:     [Domain 00 : Region 00] (0.00 MB)
BOOTMEM:     [Domain 00 : Region 01] (2128.609280 MB)
BOOTMEM:     =======
BOOTMEM:     [TOTAL] (2128.609280 MB)
Disabling legacy 8259 PIC
Initializing i8254 PIT
Disabling apic timer periodic.
Initialize keyboard
PCI: Probing PCI bus...
PCI: 0000:00:00.0 8086:1237 (rev 2)
PCI: 0000:00:01.0 8086:7000 (rev 0)
PCI: 0000:00:02.0 1013:b8 (rev 0)
PCI: 0000:00:03.0 8086:100e (rev 3)
SCHED: Initializing scheduler
BOOTMEM: Reclaiming boot sections and data:
BOOTMEM:     [Boot alloc. page map] (0.32 MB)
BOOTMEM:     [Boot page tables and stack]     (0.4096 MB)
BOOTMEM:     =======
BOOTMEM:     [TOTAL] (2.109472 MB)
SMP: Setting up cross-core IPI event queue
MWAIT not supported
BEGIN TESTING THE REAL-TIME SCHEDULER
RT_DEBUG: ABOUT TO START TEST.
SCHEDULER
Running periodic task 1 with deadline 113214269710
IN TID: 1
IN TID: 1
IN TID: 1
IN TID: 1
IN TID: 1
IN TID: 1
IN TID: 1
IN TID: 1
IN TID: 1
IN TID: 1
IN TID: 1
IN TID: 1
IN TID: 1
IN TID: 1
IN TID: 1
IN TID: 1
IN TID: 1
IN TID: 1
IN TID: 1
IN TID: 1
IN TID: 1
IN TID: 1
IN TID: 1
IN TID: 1
IN TID: 1
IN TID: 1
IN TID: 1
IRunning scheduler.
SCHEDULER
Running periodic task 2 with deadline 73339024511
IN TID: 2
IN TID: 2
IN TID: 2
IN TID: 2
IN TID: 2
IN TID: 2
IN TID: 2
IN TID: 2
IN TID: 2
IN TID: 2
IN TID: 2
IN TID: 2
IN TID: 2
IN TID: 2
Running scheduler.
SCHEDULER
Running periodic task 3 with deadline 30979540198
Running scheduler.
SCHEDULER
Running periodic task 4 with deadline 78759004136
IN TID: 5
IN TID: 5
IN TID: 5
IN TID: 5
IN TID: 5
IN TID: 5
IN TID: 3
Running periodic task 4 with deadline 78759004136
IN TID: 5
IN TID: 5
IN TID: 5
IN TID: 5
IN TID: 5
IN TID: 5
IN TID: 3
Running periodic task 4 with deadline 78759004136
IN TID: 5
Running scheduler.
SCHEDULER
Running periodic task 5 with deadline 84343115330
IN TID: 6
IN TID: 6
IN TID: 6
IN TID: 6
IN TID: 3
Running periodic task 5 with deadline 84343115330
IN TID: 6
IN TID: 6
IN TID: 6
IN TID: 6
IN TID: 6
IN TID: 6
IN TID: 6
Running periodic task 5 with deadline 84343115330
IN TID: 6
IN TID: 6
Running scheduler.
SCHEDULER
Running periodic task 6 with deadline 89934325232
IN TID: 7
IN TID: 7
IN TID: 7
IN TID: 3
Running periodic task 6 with deadline 89934325232
IN TID: 7
IN TID: 7
IN TID: 7
IN TID: 7
IN TID: 7
IN TID: 7
IN TID: 7
IN TID: 3
Running periodic task 6 with deadline 89934325232
IN TID: 7
IN TID: 7
IN TID: 7
IN TID: 7
Running scheduler.
SCHEDULER
Running aperiodic task. All periodic tasks in pending queue.
IN TID: 4
IN TID: 4
Running periodic task 3 with deadline 48952394125
Running scheduler.
SCHEDULER
Running aperiodic task. All periodic tasks in pending queue.
IN TID: 4
IN TID: 4
IN TID: 4
IN TID: 4
IN TID: 4
IN TID: 4
Running periodic task 3 with deadline 51557497999
IN TID: 3
Running scheduler.
SCHEDULER
Running aperiodic task. All periodic tasks in pending queue.
IN TID: 4
IN TID: 4
IN TID: 4
IN TID: 4
IN TID: 4
IN TID: 4
IN TID: 4
Running periodic task 3 with deadline 54122236753
IN TID: 3
Running scheduler.
SCHEDULER
Running aperiodic task. All periodic tasks in pending queue.
IN TID: 4
IN TID: 4
IN TID: 4
IN TID: 4
IN TID: 4
IN TID: 4
IN TID: 4
Running periodic task 3 with deadline 56689923172
Running scheduler.
SCHEDULER
Running aperiodic task. All periodic tasks in pending queue.
IN TID: 4
IN TID: 4
IN TID: 4
IN TID: 4
IN TID: 4
IN TID: 4
Running periodic task 3 with deadline 59255053483
IN TID: 3
Running scheduler.
SCHEDULER
Running aperiodic task. All periodic tasks in pending queue.
IN TID: 4
IN TID: 4
IN TID: 4
IN TID: 4
IN TID: 4
IN TID: 4
IN TID: 4
Running periodic task 3 with deadline 61841546182
IN TID: 3
Running scheduler.
SCHEDULER
Running aperiodic task. All periodic tasks in pending queue.
IN TID: 4
IN TID: 4
IN TID: 4
IN TID: 4
IN TID: 4
IN TID: 4
Running periodic task 3 with deadline 64421752408
IN TID: 3
Running scheduler.
SCHEDULER
Running aperiodic task. All periodic tasks in pending queue.
IN TID: 4
IN TID: 4
IN TID: 4
IN TID: 4
IN TID: 4
IN TID: 4
Running periodic task 3 with deadline 66985424443
IN TID: 3
Running scheduler.
SCHEDULER
Running aperiodic task. All periodic tasks in pending queue.
IN TID: 4
IN TID: 4
IN TID: 4
IN TID: 4
IN TID: 4
IN TID: 4
IN TID: 4
Running periodic task 3 with deadline 69551523412
Running scheduler.
SCHEDULER
Running aperiodic task. All periodic tasks in pending queue.
IN TID: 4
IN TID: 4
IN TID: 4
IN TID: 4
IN TID: 4
IN TID: 4
Running periodic task 3 with deadline 72116488264
IN TID: 3
Running scheduler.
SCHEDULER
Running aperiodic task. All periodic tasks in pending queue.
IN TID: 4
IN TID: 4
IN TID: 4
IN TID: 4
IN TID: 4
IN TID: 4
Running periodic task 3 with deadline 74681335777
IN TID: 3
Running scheduler.
SCHEDULER
Running aperiodic task. All periodic tasks in pending queue.
IN TID: 4
IN TID: 4
IN TID: 4
Running periodic task 2 with deadline 123386479802
IN TID: 2
IN TID: 2
IN TID: 2
IN TID: 2
Running periodic task 2 with deadline 123386479802
IN TID: 2
IN TID: 2
IN TID: 2
IN TID: 2
IN TID: 2
IN TID: 2
IN TID: 3
Running periodic task 2 with deadline 123386479802
IN TID: 2
IN TID: 2
IN TID: 2
IN TID: 2
Running periodic task 4 with deadline 128804567984
IN TID: 5
IN TID: 5
IN TID: 5
IN TID: 3
Running periodic task 4 with deadline 128804567984
IN TID: 5
IN TID: 5
IN TID: 5
IN TID: 5
IN TID: 5
IN TID: 5
IN TID: 3
Running periodic task 4 with deadline 128804567984
IN TID: 5
IN TID: 5
IN TID: 5
IN TID: 5
IN TID: 5
Running periodic task 5 with deadline 134390949905
IN TID: 6
IN TID: 6
Running periodic task 5 with deadline 134390949905
IN TID: 6
IN TID: 6
IN TID: 6
IN TID: 6
IN TID: 6
IN TID: 6
IN TID: 3
Running periodic task 5 with deadline 134390949905
IN TID: 6
IN TID: 6
IN TID: 6
IN TID: 6
IN TID: 6
IN TID: 6
IN TID: 6
Running periodic task 3 with deadline 92553555679
IN TID: 3
Running periodic task 6 with deadline 139995171563
IN TID: 7
IN TID: 7
IN TID: 7
IN TID: 7
IN TID: 7
IN TID: 7
IN TID: 3
Running periodic task 6 with deadline 139995171563
IN TID: 7
IN TID: 7
IN TID: 7
IN TID: 7
IN TID: 7
IN TID: 7
IN TID: 7
Running periodic task 6 with deadline 139995171563
IN TID: 7
Running scheduler.
SCHEDULER
Running aperiodic task. All periodic tasks in pending queue.
IN TID: 4
IN TID: 4
IN TID: 4
IN TID: 4
IN TID: 4
Running periodic task 3 with deadline 100253152320
IN TID: 3
Running scheduler.
SCHEDULER
Running aperiodic task. All periodic tasks in pending queue.
IN TID: 4
IN TID: 4
IN TID: 4
IN TID: 4
IN TID: 4
IN TID: 4
Running periodic task 3 with deadline 102841734520
IN TID: 3
Running scheduler.
SCHEDULER
Running aperiodic task. All periodic tasks in pending queue.
IN TID: 4
IN TID: 4
IN TID: 4
IN TID: 4
IN TID: 4
IN TID: 4
IN TID: 4
Running periodic task 3 with deadline 105406612270
IN TID: 3
Running scheduler.
SCHEDULER
Running aperiodic task. All periodic tasks in pending queue.
IN TID: 4
IN TID: 4
IN TID: 4
IN TID: 4
IN TID: 4
IN TID: 4
Running periodic task 3 with deadline 107970405754
IRunning scheduler.
SCHEDULER
Running aperiodic task. All periodic tasks in pending queue.
IN TID: 4
IN TID: 4
IN TID: 4
IN TID: 4
IN TID: 4
IN TID: 4
IRunning periodic task 3 with deadline 110534943073
N TID: 3
Running scheduler.
SCHEDULER
Running aperiodic task. All periodic tasks in pending queue.
N TID: 4
IN TID: 4
IN TID: 4
IN TID: 4
IN TID: 4
IN TID: 4
IN TID: 4
Running periodic task 3 with deadline 113101027117
IN TID: 3
Running scheduler.
SCHEDULER
Running aperiodic task. All periodic tasks in pending queue.
IN TID: 4
IN TID: 4
IN TID: 4
IN TID: 4
IN TID: 4
IN TID: 4
IN TID: 4
Running periodic task 3 with deadline 115665404962
IN TID: 3
Running periodic task 1 with deadline 213219952975
N TID: 1
IN TID: 1
IN TID: 1
IN TID: 1
IN TID: 1
IN TID: 1
IN TID: 1
Running periodic task 1 with deadline 213219952975
IN TID: 1
IN TID: 1
IN TID: 1
IN TID: 1
IN TID: 1
IN TID: 1
IN TID: 1
IN TID: 3
Running periodic task 1 with deadline 213219952975
IN TID: 1
IN TID: 1
IN TID: 1
IN TID: 1
IN TID: 1
IN TID: 1
IN TID: 3
Running periodic task 1 with deadline 213219952975
IN TID: 1
IN TID: 1
IN TID: 1
IN TID: 1
IN TID: 1
IN TID: 1
IN TID: 3
Running periodic task 2 with deadline 173453371055
IN TID: 2
IN TID: 2
IN TID: 2
IN TID: 2
IN TID: 2
IN TID: 2
IN TID: 2
Running periodic task 2 with deadline 173453371055
IN TID: 2
IN TID: 2
IN TID: 2
IN TID: 2
IN TID: 2
IN TID: 2
IN TID: 3
Running periodic task 2 with deadline 173453371055
IN TID: 2
IN TID: 2
Running periodic task 4 with deadline 178816877516
IN TID: 5
IN TID: 5
IN TID: 5
IN TID: 5
IN TID: 5
IN TID: 3
Running periodic task 4 with deadline 178816877516
IN TID: 5
IN TID: 5
IN TID: 5
IN TID: 5
IN TID: 5
IN TID: 5
Running periodic task 4 with deadline 178816877516
IN TID: 5
IN TID: 5
Running periodic task 5 with deadline 184425083264
IN TID: 6
IN TID: 6
IN TID: 6
IN TID: 3
Running periodic task 5 with deadline 184425083264
IN TID: 6
IN TID: 6
